<?xml version="1.0" encoding="UTF-8"?>
<!-- Generated by org.testng.reporters.JUnitReportReporter -->
<testsuite hostname="LAPTOP-CP5FO7GE" name="testClasses.LoginPageTest" tests="2" failures="0" timestamp="22 Sep 2018 17:46:25 GMT" time="185.421" errors="0">
  <testcase name="loginWithValidInfo" time="79.119" classname="testClasses.LoginPageTest"/>
  <testcase name="openEnsalesModule" time="106.302" classname="testClasses.LoginPageTest"/>
</testsuite> <!-- testClasses.LoginPageTest -->
